<?xml version="1.0" encoding="UTF-8"?>
<!-- Generated by org.testng.reporters.JUnitReportReporter -->
<testsuite skipped="0" hostname="ELF28-DEVARAJ-SHIRUR" name="purchageOrder.TC_11Test" tests="1" failures="0" timestamp="2022-02-05T19:48:01 IST" time="11.868" errors="0">
  <testcase name="creatPurchageOrderwithItemAndClickonDownordButton" time="11.868" classname="purchageOrder.TC_11Test"/>
  <system-out>
    <![CDATA[The order of the item has moved Down]]>
  </system-out>
</testsuite> <!-- purchageOrder.TC_11Test -->
