<?xml version="1.0" encoding="UTF-8"?>
<!-- Generated by org.testng.reporters.JUnitReportReporter -->
<testsuite skipped="0" hostname="ELF28-DEVARAJ-SHIRUR" name="purchageOrder.TC_13Test" tests="1" failures="0" timestamp="2022-02-05T20:13:40 IST" time="13.794" errors="0">
  <testcase name="creatPurchageOrderWithoutEnteringListPrice" time="13.794" classname="purchageOrder.TC_13Test"/>
  <system-out/>
</testsuite> <!-- purchageOrder.TC_13Test -->
