<?xml version="1.0" encoding="UTF-8"?>
<!-- Generated by org.testng.reporters.JUnitReportReporter -->
<testsuite skipped="0" hostname="ELF28-DEVARAJ-SHIRUR" name="purchageOrder.TC_12Test" tests="1" failures="0" timestamp="2022-02-05T20:05:36 IST" time="14.597" errors="0">
  <testcase name="creatPurchageOrderwithItemwithoutnteringQTY" time="14.597" classname="purchageOrder.TC_12Test"/>
  <system-out/>
</testsuite> <!-- purchageOrder.TC_12Test -->
