<?xml version="1.0" encoding="UTF-8"?>
<!-- Generated by org.testng.reporters.JUnitReportReporter -->
<testsuite skipped="0" hostname="ELF28-DEVARAJ-SHIRUR" name="purchageOrder.TC_15Test" tests="1" failures="0" timestamp="2022-02-05T20:19:08 IST" time="12.869" errors="0">
  <testcase name="creatPurchageOrderWithAllManditoryFieldsxceptItems" time="12.869" classname="purchageOrder.TC_15Test"/>
  <system-out/>
</testsuite> <!-- purchageOrder.TC_15Test -->
