<?xml version="1.0" encoding="UTF-8"?>
<!-- Generated by org.testng.reporters.JUnitReportReporter -->
<testsuite skipped="0" hostname="ELF28-DEVARAJ-SHIRUR" name="purchageOrder.TC_14Test" tests="1" failures="0" timestamp="2022-02-05T20:17:29 IST" time="20.502" errors="0">
  <testcase name="crestPurchageOrderWithItemQtyAndListPrice" time="20.502" classname="purchageOrder.TC_14Test"/>
  <system-out>
    <![CDATA[Successfully Created an Order And is displayed Successfully]]>
  </system-out>
</testsuite> <!-- purchageOrder.TC_14Test -->
